{"/Users/rio/praha/TEST/No.27/tdd/script.js": {"path":"/Users/rio/praha/TEST/No.27/tdd/script.js","statementMap":{"0":{"start":{"line":3,"column":4},"end":{"line":13,"column":5}},"1":{"start":{"line":4,"column":8},"end":{"line":4,"column":38}},"2":{"start":{"line":6,"column":9},"end":{"line":13,"column":5}},"3":{"start":{"line":7,"column":8},"end":{"line":7,"column":37}},"4":{"start":{"line":9,"column":8},"end":{"line":12,"column":9}},"5":{"start":{"line":9,"column":21},"end":{"line":9,"column":22}},"6":{"start":{"line":10,"column":12},"end":{"line":11,"column":51}},"7":{"start":{"line":11,"column":16},"end":{"line":11,"column":51}},"8":{"start":{"line":18,"column":4},"end":{"line":18,"column":34}},"9":{"start":{"line":19,"column":14},"end":{"line":19,"column":15}},"10":{"start":{"line":20,"column":4},"end":{"line":22,"column":5}},"11":{"start":{"line":20,"column":17},"end":{"line":20,"column":18}},"12":{"start":{"line":21,"column":8},"end":{"line":21,"column":29}},"13":{"start":{"line":24,"column":4},"end":{"line":26,"column":5}},"14":{"start":{"line":25,"column":8},"end":{"line":25,"column":35}},"15":{"start":{"line":27,"column":4},"end":{"line":27,"column":15}},"16":{"start":{"line":32,"column":4},"end":{"line":43,"column":5}},"17":{"start":{"line":34,"column":25},"end":{"line":34,"column":39}},"18":{"start":{"line":35,"column":8},"end":{"line":37,"column":9}},"19":{"start":{"line":35,"column":21},"end":{"line":35,"column":22}},"20":{"start":{"line":36,"column":12},"end":{"line":36,"column":40}},"21":{"start":{"line":38,"column":8},"end":{"line":42,"column":9}},"22":{"start":{"line":39,"column":12},"end":{"line":39,"column":46}},"23":{"start":{"line":41,"column":12},"end":{"line":41,"column":30}},"24":{"start":{"line":47,"column":4},"end":{"line":58,"column":5}},"25":{"start":{"line":49,"column":22},"end":{"line":49,"column":23}},"26":{"start":{"line":50,"column":8},"end":{"line":52,"column":9}},"27":{"start":{"line":50,"column":21},"end":{"line":50,"column":22}},"28":{"start":{"line":51,"column":12},"end":{"line":51,"column":37}},"29":{"start":{"line":53,"column":8},"end":{"line":57,"column":9}},"30":{"start":{"line":54,"column":12},"end":{"line":54,"column":45}},"31":{"start":{"line":56,"column":12},"end":{"line":56,"column":27}},"32":{"start":{"line":61,"column":22},"end":{"line":69,"column":1}},"33":{"start":{"line":62,"column":4},"end":{"line":62,"column":34}},"34":{"start":{"line":64,"column":21},"end":{"line":66,"column":5}},"35":{"start":{"line":65,"column":8},"end":{"line":65,"column":34}},"36":{"start":{"line":68,"column":4},"end":{"line":68,"column":20}}},"fnMap":{"0":{"name":"checkNumberArray","decl":{"start":{"line":2,"column":9},"end":{"line":2,"column":25}},"loc":{"start":{"line":2,"column":39},"end":{"line":14,"column":1}},"line":2},"1":{"name":"add","decl":{"start":{"line":17,"column":16},"end":{"line":17,"column":19}},"loc":{"start":{"line":17,"column":33},"end":{"line":28,"column":1}},"line":17},"2":{"name":"subtract","decl":{"start":{"line":31,"column":16},"end":{"line":31,"column":24}},"loc":{"start":{"line":31,"column":38},"end":{"line":44,"column":1}},"line":31},"3":{"name":"multiply","decl":{"start":{"line":46,"column":16},"end":{"line":46,"column":24}},"loc":{"start":{"line":46,"column":38},"end":{"line":59,"column":1}},"line":46},"4":{"name":"(anonymous_4)","decl":{"start":{"line":61,"column":22},"end":{"line":61,"column":23}},"loc":{"start":{"line":61,"column":39},"end":{"line":69,"column":1}},"line":61},"5":{"name":"(anonymous_5)","decl":{"start":{"line":64,"column":40},"end":{"line":64,"column":41}},"loc":{"start":{"line":65,"column":8},"end":{"line":65,"column":34}},"line":65}},"branchMap":{"0":{"loc":{"start":{"line":3,"column":4},"end":{"line":13,"column":5}},"type":"if","locations":[{"start":{"line":3,"column":4},"end":{"line":13,"column":5}},{"start":{"line":6,"column":9},"end":{"line":13,"column":5}}],"line":3},"1":{"loc":{"start":{"line":6,"column":9},"end":{"line":13,"column":5}},"type":"if","locations":[{"start":{"line":6,"column":9},"end":{"line":13,"column":5}},{"start":{"line":8,"column":11},"end":{"line":13,"column":5}}],"line":6},"2":{"loc":{"start":{"line":10,"column":12},"end":{"line":11,"column":51}},"type":"if","locations":[{"start":{"line":10,"column":12},"end":{"line":11,"column":51}},{"start":{},"end":{}}],"line":10},"3":{"loc":{"start":{"line":24,"column":4},"end":{"line":26,"column":5}},"type":"if","locations":[{"start":{"line":24,"column":4},"end":{"line":26,"column":5}},{"start":{},"end":{}}],"line":24},"4":{"loc":{"start":{"line":32,"column":4},"end":{"line":43,"column":5}},"type":"if","locations":[{"start":{"line":32,"column":4},"end":{"line":43,"column":5}},{"start":{"line":33,"column":11},"end":{"line":43,"column":5}}],"line":32},"5":{"loc":{"start":{"line":38,"column":8},"end":{"line":42,"column":9}},"type":"if","locations":[{"start":{"line":38,"column":8},"end":{"line":42,"column":9}},{"start":{"line":40,"column":15},"end":{"line":42,"column":9}}],"line":38},"6":{"loc":{"start":{"line":47,"column":4},"end":{"line":58,"column":5}},"type":"if","locations":[{"start":{"line":47,"column":4},"end":{"line":58,"column":5}},{"start":{"line":48,"column":11},"end":{"line":58,"column":5}}],"line":47},"7":{"loc":{"start":{"line":53,"column":8},"end":{"line":57,"column":9}},"type":"if","locations":[{"start":{"line":53,"column":8},"end":{"line":57,"column":9}},{"start":{"line":55,"column":15},"end":{"line":57,"column":9}}],"line":53}},"s":{"0":20,"1":4,"2":16,"3":4,"4":12,"5":12,"6":20,"7":4,"8":5,"9":2,"10":2,"11":2,"12":4,"13":2,"14":1,"15":1,"16":5,"17":2,"18":2,"19":2,"20":2,"21":2,"22":1,"23":1,"24":5,"25":2,"26":2,"27":2,"28":4,"29":2,"30":1,"31":1,"32":1,"33":5,"34":2,"35":2,"36":2},"f":{"0":20,"1":5,"2":5,"3":5,"4":5,"5":2},"b":{"0":[4,16],"1":[4,12],"2":[4,16],"3":[1,1],"4":[0,2],"5":[1,1],"6":[0,2],"7":[1,1]},"_coverageSchema":"1a1c01bbd47fc00a2c39e90264f33305004495a9","hash":"f7f19ec0a41ea120bfa63f2f74d0cdba0ac6742b"}
}
