TN:
SF:script.js
FN:2,checkNumberArray
FN:17,add
FN:31,subtract
FN:46,multiply
FN:61,(anonymous_4)
FN:64,(anonymous_5)
FNF:6
FNH:6
FNDA:20,checkNumberArray
FNDA:5,add
FNDA:5,subtract
FNDA:5,multiply
FNDA:5,(anonymous_4)
FNDA:2,(anonymous_5)
DA:3,20
DA:4,4
DA:6,16
DA:7,4
DA:9,12
DA:10,20
DA:11,4
DA:18,5
DA:19,2
DA:20,2
DA:21,4
DA:24,2
DA:25,1
DA:27,1
DA:32,5
DA:34,2
DA:35,2
DA:36,2
DA:38,2
DA:39,1
DA:41,1
DA:47,5
DA:49,2
DA:50,2
DA:51,4
DA:53,2
DA:54,1
DA:56,1
DA:61,1
DA:62,5
DA:64,2
DA:65,2
DA:68,2
LF:33
LH:33
BRDA:3,0,0,4
BRDA:3,0,1,16
BRDA:6,1,0,4
BRDA:6,1,1,12
BRDA:10,2,0,4
BRDA:10,2,1,16
BRDA:24,3,0,1
BRDA:24,3,1,1
BRDA:32,4,0,0
BRDA:32,4,1,2
BRDA:38,5,0,1
BRDA:38,5,1,1
BRDA:47,6,0,0
BRDA:47,6,1,2
BRDA:53,7,0,1
BRDA:53,7,1,1
BRF:16
BRH:14
end_of_record
